2025-10-24T02:34:58.000000000Z [inf]  Starting Container
2025-10-24T02:34:59.315502052Z [inf]  Initializing...
2025-10-24T02:35:03.836878731Z [inf]  Starting Google Drive sync worker...
2025-10-24T02:35:03.836886344Z [inf]  Starting ingestion worker...
2025-10-24T02:35:03.836891709Z [inf]  Starting Uvicorn server...
2025-10-24T02:35:04.799851677Z [err]  INFO:__main__:Starting the ingestion worker...
2025-10-24T02:35:04.799859844Z [err]  INFO:app.tasks.chunk_and_embed_logs:Checking for un-ingested files...
2025-10-24T02:35:05.431008960Z [err]  INFO:httpx:HTTP Request: GET https://tphojwggedgjvchamcfp.supabase.co/rest/v1/files?select=%2A&ingested=eq.False "HTTP/2 200 OK"
2025-10-24T02:35:05.431014498Z [err]  INFO:app.tasks.chunk_and_embed_logs:No new files to ingest.
2025-10-24T02:35:05.431018654Z [err]  INFO:__main__:Worker sleeping for 60 seconds...
2025-10-24T02:35:06.376309790Z [err]  INFO:     Uvicorn running on http://0.0.0.0:8000 (Press CTRL+C to quit)
2025-10-24T02:35:06.376523613Z [err]  INFO:__main__:Starting the Google Drive sync worker...
2025-10-24T02:35:06.376531359Z [err]  INFO:__main__:Running scheduled Google Drive sync...
2025-10-24T02:35:06.376537630Z [err]  INFO:googleapiclient.discovery_cache:file_cache is only supported with oauth2client<4.0.0
2025-10-24T02:35:06.376543857Z [err]  INFO:httpx:HTTP Request: POST https://tphojwggedgjvchamcfp.supabase.co/rest/v1/rpc/get_all_file_names "HTTP/2 200 OK"
2025-10-24T02:35:06.376551952Z [err]  INFO:     Started server process [7]
2025-10-24T02:35:06.376558393Z [err]  INFO:     Waiting for application startup.
2025-10-24T02:35:06.376564853Z [err]  INFO:     Application startup complete.
2025-10-24T02:35:07.603577584Z [err]  INFO:httpx:HTTP Request: POST https://tphojwggedgjvchamcfp.supabase.co/rest/v1/files "HTTP/2 201 Created"
2025-10-24T02:35:07.603592714Z [err]  INFO:app.api.file_ops.upload_logic:Created file record with ID: 5fd5ad3f-3b1d-4730-9803-64057683bb3f for path: 50f8c3a4-5487-4dc4-b03e-664b0ccc4e1e.pdf
2025-10-24T02:35:07.695910632Z [err]  INFO:__main__:Google Drive sync finished: {'status': 'success', 'new_files_processed': 1, 'files_deleted': 0}
2025-10-24T02:35:07.695921003Z [err]  INFO:__main__:Google Drive sync worker sleeping for 15 minutes...
2025-10-24T02:35:07.695951647Z [err]  INFO:httpx:HTTP Request: POST https://tphojwggedgjvchamcfp.supabase.co/storage/v1/object/files/50f8c3a4-5487-4dc4-b03e-664b0ccc4e1e.pdf "HTTP/2 200 OK"
2025-10-24T02:35:07.695957246Z [err]  INFO:app.api.file_ops.upload_logic:Successfully uploaded file to storage at: 50f8c3a4-5487-4dc4-b03e-664b0ccc4e1e.pdf
2025-10-24T02:36:08.362854584Z [err]  INFO:app.tasks.chunk_and_embed_logs:Checking for un-ingested files...
2025-10-24T02:36:08.362860600Z [err]  INFO:httpx:HTTP Request: GET https://tphojwggedgjvchamcfp.supabase.co/rest/v1/files?select=%2A&ingested=eq.False "HTTP/2 200 OK"
2025-10-24T02:36:08.362865737Z [err]  INFO:app.tasks.chunk_and_embed_logs:Found 1 files to ingest.
2025-10-24T02:36:08.362870612Z [err]  INFO:app.tasks.chunk_and_embed_logs:Processing file: 06-June-2025-Minutes.pdf (ID: 5fd5ad3f-3b1d-4730-9803-64057683bb3f)
2025-10-24T02:36:08.362875089Z [err]  INFO:httpx:HTTP Request: GET https://tphojwggedgjvchamcfp.supabase.co/storage/v1/object/files/50f8c3a4-5487-4dc4-b03e-664b0ccc4e1e.pdf "HTTP/2 200 OK"
2025-10-24T02:36:08.362880324Z [err]  INFO:app.tasks.chunk_and_embed_logs:  - Extracted and split file into 0 chunks.
2025-10-24T02:36:08.362884432Z [err]  INFO:app.tasks.chunk_and_embed_logs:  - Successfully embedded and saved 0 chunks.
2025-10-24T02:36:08.362889105Z [err]  INFO:httpx:HTTP Request: PATCH https://tphojwggedgjvchamcfp.supabase.co/rest/v1/files?id=eq.5fd5ad3f-3b1d-4730-9803-64057683bb3f "HTTP/2 200 OK"
2025-10-24T02:36:08.362894127Z [err]  INFO:app.tasks.chunk_and_embed_logs:✅ Successfully marked file as ingested: 06-June-2025-Minutes.pdf
2025-10-24T02:36:08.362898900Z [err]  INFO:app.tasks.chunk_and_embed_logs:Ingestion cycle complete.
2025-10-24T02:36:08.362904164Z [err]  INFO:__main__:Worker sleeping for 60 seconds...
2025-10-24T02:37:08.354263917Z [err]  INFO:app.tasks.chunk_and_embed_logs:Checking for un-ingested files...
2025-10-24T02:37:08.354270191Z [err]  INFO:httpx:HTTP Request: GET https://tphojwggedgjvchamcfp.supabase.co/rest/v1/files?select=%2A&ingested=eq.False "HTTP/2 200 OK"
2025-10-24T02:37:08.354274571Z [err]  INFO:app.tasks.chunk_and_embed_logs:No new files to ingest.
2025-10-24T02:37:08.354279349Z [err]  INFO:__main__:Worker sleeping for 60 seconds...
2025-10-24T02:38:08.791809740Z [err]  INFO:app.tasks.chunk_and_embed_logs:Checking for un-ingested files...
2025-10-24T02:38:08.791817417Z [err]  INFO:httpx:HTTP Request: GET https://tphojwggedgjvchamcfp.supabase.co/rest/v1/files?select=%2A&ingested=eq.False "HTTP/2 200 OK"
2025-10-24T02:38:08.791824226Z [err]  INFO:app.tasks.chunk_and_embed_logs:No new files to ingest.
2025-10-24T02:38:08.791831078Z [err]  INFO:__main__:Worker sleeping for 60 seconds...